<?xml version="1.0" encoding="UTF-8"?>
<!-- Generated by org.testng.reporters.JUnitReportReporter -->
<testsuite hostname="L70940" failures="0" tests="5" name="ai.spyne.qa.testcases.UploadImagePageTest" time="158.333" errors="0" timestamp="2024-09-08T19:42:04 IST" skipped="0">
  <testcase classname="ai.spyne.qa.testcases.UploadImagePageTest" name="uploadImageNavigationTest" time="12.515"/>
  <testcase classname="ai.spyne.qa.testcases.UploadImagePageTest" name="uploadImageFileNotFoundTest" time="27.407"/>
  <testcase classname="ai.spyne.qa.testcases.UploadImagePageTest" name="uploadImageJpeg_Test" time="48.651"/>
  <testcase classname="ai.spyne.qa.testcases.UploadImagePageTest" name="uploadImagePng_Test" time="35.766"/>
  <testcase classname="ai.spyne.qa.testcases.UploadImagePageTest" name="uploadImageWebp_Test" time="33.994"/>
</testsuite> <!-- ai.spyne.qa.testcases.UploadImagePageTest -->
