<?xml version="1.0" encoding="UTF-8"?>
<!-- Generated by org.testng.reporters.JUnitReportReporter -->
<testsuite hostname="L70940" failures="0" tests="1" name="ai.spyne.qa.testcases.ImageUpscalerPageTest" time="50.663" errors="0" timestamp="2024-09-08T19:56:47 IST" skipped="0">
  <testcase classname="ai.spyne.qa.testcases.ImageUpscalerPageTest" name="ImageScalerProcessTest" time="50.663"/>
</testsuite> <!-- ai.spyne.qa.testcases.ImageUpscalerPageTest -->
